{"level":"warn","message":"GET"}
{"level":"warn","message":"/randoms"}
{"level":"warn","message":"GET"}
{"level":"warn","message":"/randoms"}
{"level":"warn","message":"GET"}
{"level":"warn","message":"/np"}
{"level":"warn","message":"GET"}
{"level":"warn","message":"/newUser?username=walter&password=qwerty123"}
{"level":"warn","message":"GET"}
{"level":"warn","message":"/newUser?username=walter2&password=qwerty123"}
{"level":"warn","message":"GET"}
{"level":"warn","message":"/newUser?username=walter2&password=qwerty123"}
{"level":"warn","message":"GET"}
{"level":"warn","message":"/newUser?username=walter2&password=qwerty123"}
{"level":"warn","message":"GET"}
{"level":"warn","message":"/sdffff"}
{"level":"warn","message":"GET"}
{"level":"warn","message":"/favicon.ico"}
{"level":"warn","message":"GET"}
{"level":"warn","message":"/favicon.ico"}
{"level":"warn","message":"GET"}
{"level":"warn","message":"/favicon.ico"}
{"level":"warn","message":"GET"}
{"level":"warn","message":"/favicon.ico"}
{"level":"warn","message":"GET"}
{"level":"warn","message":"/favicon.ico"}
{"level":"warn","message":"GET"}
{"level":"warn","message":"/favicon.ico"}
{"level":"warn","message":"GET"}
{"level":"warn","message":"/favicon.ico"}
{"level":"warn","message":"GET"}
{"level":"warn","message":"/favicon.ico"}
{"level":"warn","message":"GET"}
{"level":"warn","message":"/favicon.ico"}
{"level":"warn","message":"GET"}
{"level":"warn","message":"/favicon.ico"}
{"level":"warn","message":"GET"}
{"level":"warn","message":"/favicon.ico"}
{"level":"warn","message":"GET"}
{"level":"warn","message":"/logindfg"}
{"level":"warn","message":"GET"}
{"level":"warn","message":"/favicon.ico"}
{"level":"warn","message":"GET"}
{"level":"warn","message":"/logindfgfgjmhjk"}
{"level":"warn","message":"GET"}
{"level":"warn","message":"/favicon.ico"}
{"level":"warn","message":"GET"}
{"level":"warn","message":"/tremendo"}
{"level":"warn","message":"GET"}
{"level":"warn","message":"/favicon.ico"}
{"level":"warn","message":"GET"}
{"level":"warn","message":"/favicon.ico"}
{"level":"warn","message":"GET"}
{"level":"warn","message":"/favicon.ico"}
{"level":"warn","message":"GET"}
{"level":"warn","message":"/favicon.ico"}
{"level":"warn","message":"GET"}
{"level":"warn","message":"/favicon.ico"}
{"level":"warn","message":"GET"}
{"level":"warn","message":"/favicon.ico"}
{"level":"warn","message":"GET"}
{"level":"warn","message":"/favicon.ico"}
{"level":"warn","message":"GET"}
{"level":"warn","message":"/favicon.ico"}
{"level":"warn","message":"GET"}
{"level":"warn","message":"/favicon.ico"}
{"level":"error"}
{"level":"warn","message":"GET"}
{"level":"warn","message":"/socket.io/?EIO=4&transport=polling&t=OIYii2Q"}
{"level":"warn","message":"GET"}
{"level":"warn","message":"/favicon.ico"}
{"level":"warn","message":"GET"}
{"level":"warn","message":"/socket.io/socket.io.js"}
{"level":"warn","message":"GET"}
{"level":"warn","message":"/favicon.ico"}
{"level":"error"}
{"level":"error"}
{"level":"warn","message":"GET"}
{"level":"warn","message":"/favicon.ico"}
{"level":"warn","message":"GET"}
{"level":"warn","message":"/socket.io/socket.io.js"}
{"level":"warn","message":"GET"}
{"level":"warn","message":"/favicon.ico"}
{"level":"error"}
{"level":"warn","message":"GET"}
{"level":"warn","message":"/favicon.ico"}
{"level":"warn","message":"GET"}
{"level":"warn","message":"/socket.io/socket.io.js"}
{"level":"warn","message":"GET"}
{"level":"warn","message":"/favicon.ico"}
{"level":"warn","message":"GET"}
{"level":"warn","message":"/favicon.ico"}
{"level":"warn","message":"GET"}
{"level":"warn","message":"/socket.io/socket.io.js"}
{"level":"warn","message":"GET"}
{"level":"warn","message":"/favicon.ico"}
{"level":"warn","message":"GET"}
{"level":"warn","message":"/favicon.ico"}
{"level":"error"}
{"level":"warn","message":"GET"}
{"level":"warn","message":"/favicon.ico"}
{"level":"warn","message":"GET"}
{"level":"warn","message":"/plantillas/tabla-productos.hbs"}
{"level":"error"}
{"level":"warn","message":"GET"}
{"level":"warn","message":"/favicon.ico"}
{"level":"warn","message":"GET"}
{"level":"warn","message":"/plantillas/tabla-productos.hbs"}
{"level":"error"}
{"level":"warn","message":"GET"}
{"level":"warn","message":"/favicon.ico"}
{"level":"warn","message":"GET"}
{"level":"warn","message":"/plantillas/tabla-productos.hbs"}
{"level":"error"}
{"level":"warn","message":"GET"}
{"level":"warn","message":"/favicon.ico"}
{"level":"warn","message":"GET"}
{"level":"warn","message":"/plantillas/tabla-productos.hbs"}
{"level":"warn","message":"GET"}
{"level":"warn","message":"/favicon.ico"}
{"level":"error"}
{"level":"warn","message":"GET"}
{"level":"warn","message":"/favicon.ico"}
{"level":"warn","message":"GET"}
{"level":"warn","message":"/plantillas/tabla-productos.hbs"}
{"level":"error"}
{"level":"warn","message":"GET"}
{"level":"warn","message":"/plantillas/tabla-productos.hbs"}
{"level":"warn","message":"GET"}
{"level":"warn","message":"/favicon.ico"}
{"level":"error"}
{"level":"warn","message":"GET"}
{"level":"warn","message":"/favicon.ico"}
{"level":"warn","message":"GET"}
{"level":"warn","message":"/plantillas/tabla-productos.hbs"}
{"level":"error"}
{"level":"warn","message":"GET"}
{"level":"warn","message":"/plantillas/tabla-productos.hbs"}
{"level":"warn","message":"GET"}
{"level":"warn","message":"/favicon.ico"}
{"level":"error"}
{"level":"warn","message":"GET"}
{"level":"warn","message":"/favicon.ico"}
{"level":"warn","message":"GET"}
{"level":"warn","message":"/plantillas/tabla-productos.hbs"}
{"level":"error"}
{"level":"warn","message":"GET"}
{"level":"warn","message":"/plantillas/tabla-productos.hbs"}
{"level":"warn","message":"GET"}
{"level":"warn","message":"/favicon.ico"}
{"level":"error"}
{"level":"warn","message":"GET"}
{"level":"warn","message":"/favicon.ico"}
{"level":"warn","message":"GET"}
{"level":"warn","message":"/plantillas/tabla-productos.hbs"}
{"level":"warn","message":"GET"}
{"level":"warn","message":"/favicon.ico"}
{"level":"error"}
{"level":"warn","message":"GET"}
{"level":"warn","message":"/plantillas/tabla-productos.hbs"}
{"level":"warn","message":"GET"}
{"level":"warn","message":"/favicon.ico"}
{"level":"error"}
{"level":"warn","message":"GET"}
{"level":"warn","message":"/plantillas/tabla-productos.hbs"}
{"level":"warn","message":"GET"}
{"level":"warn","message":"/favicon.ico"}
{"level":"error"}
{"level":"warn","message":"GET"}
{"level":"warn","message":"/plantillas/tabla-productos.hbs"}
{"level":"warn","message":"GET"}
{"level":"warn","message":"/favicon.ico"}
{"level":"error"}
{"level":"warn","message":"GET"}
{"level":"warn","message":"/favicon.ico"}
{"level":"warn","message":"GET"}
{"level":"warn","message":"/plantillas/tabla-productos.hbs"}
{"level":"warn","message":"GET"}
{"level":"warn","message":"/favicon.ico"}
{"level":"error"}
{"level":"warn","message":"GET"}
{"level":"warn","message":"/plantillas/tabla-productos.hbs"}
{"level":"warn","message":"GET"}
{"level":"warn","message":"/favicon.ico"}
{"level":"warn","message":"GET"}
{"level":"warn","message":"/favicon.ico"}
{"level":"error"}
{"level":"warn","message":"GET"}
{"level":"warn","message":"/favicon.ico"}
{"level":"error"}
{"level":"warn","message":"GET"}
{"level":"warn","message":"/favicon.ico"}
{"level":"error"}
{"level":"warn","message":"GET"}
{"level":"warn","message":"/favicon.ico"}
{"level":"error"}
{"level":"error"}
{"level":"warn","message":"GET"}
{"level":"warn","message":"/favicon.ico"}
{"level":"error"}
{"level":"warn","message":"GET"}
{"level":"warn","message":"/favicon.ico"}
{"level":"error"}
{"level":"warn","message":"GET"}
{"level":"warn","message":"/favicon.ico"}
{"level":"error"}
{"level":"warn","message":"GET"}
{"level":"warn","message":"/favicon.ico"}
{"level":"warn","message":"GET"}
{"level":"warn","message":"/favicon.ico"}
{"level":"warn","message":"GET"}
{"level":"warn","message":"/favicon.ico"}
{"level":"warn","message":"GET"}
{"level":"warn","message":"/favicon.ico"}
{"level":"warn","message":"GET"}
{"level":"warn","message":"/favicon.ico"}
{"level":"warn","message":"GET"}
{"level":"warn","message":"/favicon.ico"}
{"level":"warn","message":"GET"}
{"level":"warn","message":"/favicon.ico"}
{"level":"error"}
{"level":"warn","message":"GET"}
{"level":"warn","message":"/favicon.ico"}
{"level":"error"}
{"level":"error"}
{"level":"warn","message":"GET"}
{"level":"warn","message":"/favicon.ico"}
{"level":"error"}
{"level":"error"}
{"level":"warn","message":"GET"}
{"level":"warn","message":"/plantillas/tabla-productos.hbs"}
{"level":"warn","message":"GET"}
{"level":"warn","message":"/asf"}
{"level":"warn","message":"GET"}
{"level":"warn","message":"/favicon.ico"}
{"level":"error"}
{"level":"warn","message":"GET"}
{"level":"warn","message":"/favicon.ico"}
{"level":"warn","message":"GET"}
{"level":"warn","message":"/plantillas/tabla-productos.hbs"}
{"level":"error"}
{"level":"error"}
{"level":"warn","message":"GET"}
{"level":"warn","message":"/asf"}
{"level":"error"}
{"level":"error"}
{"level":"warn","message":"GET"}
{"level":"warn","message":"/plantillas/tabla-productos.hbs"}
{"level":"warn","message":"GET"}
{"level":"warn","message":"/favicon.ico"}
{"level":"warn","message":"GET"}
{"level":"warn","message":"/asf"}
{"level":"error"}
{"level":"error"}
{"level":"error"}
{"level":"warn","message":"GET"}
{"level":"warn","message":"/favicon.ico"}
{"level":"warn","message":"GET"}
{"level":"warn","message":"/favicon.ico"}
{"level":"warn","message":"GET"}
{"level":"warn","message":"/favicon.ico"}
{"level":"warn","message":"GET"}
{"level":"warn","message":"/favicon.ico"}
{"level":"warn","message":"GET"}
{"level":"warn","message":"/plantillas/tabla-productos.hbs"}
{"level":"warn","message":"GET"}
{"level":"warn","message":"/asf"}
{"level":"warn","message":"GET"}
{"level":"warn","message":"/favicon.ico"}
{"level":"warn","message":"GET"}
{"level":"warn","message":"/favicon.ico"}
{"level":"warn","message":"GET"}
{"level":"warn","message":"/plantillas/tabla-productos.hbs"}
{"level":"warn","message":"GET"}
{"level":"warn","message":"/asf"}
{"level":"warn","message":"GET"}
{"level":"warn","message":"/plantillas/tabla-productos.hbs"}
{"level":"warn","message":"GET"}
{"level":"warn","message":"/asf"}
{"level":"warn","message":"GET"}
{"level":"warn","message":"/favicon.ico"}
{"level":"warn","message":"GET"}
{"level":"warn","message":"/favicon.ico"}
{"level":"warn","message":"GET"}
{"level":"warn","message":"/plantillas/tabla-productos.hbs"}
{"level":"warn","message":"GET"}
{"level":"warn","message":"/asf"}
{"level":"warn","message":"GET"}
{"level":"warn","message":"/plantillas/tabla-productos.hbs"}
{"level":"warn","message":"GET"}
{"level":"warn","message":"/asf"}
{"level":"warn","message":"GET"}
{"level":"warn","message":"/favicon.ico"}
{"level":"warn","message":"GET"}
{"level":"warn","message":"/favicon.ico"}
{"level":"warn","message":"GET"}
{"level":"warn","message":"/plantillas/tabla-productos.hbs"}
{"level":"warn","message":"GET"}
{"level":"warn","message":"/asf"}
{"level":"warn","message":"GET"}
{"level":"warn","message":"/plantillas/tabla-productos.hbs"}
{"level":"warn","message":"GET"}
{"level":"warn","message":"/asf"}
{"level":"warn","message":"GET"}
{"level":"warn","message":"/favicon.ico"}
{"level":"warn","message":"GET"}
{"level":"warn","message":"/favicon.ico"}
{"level":"warn","message":"GET"}
{"level":"warn","message":"/plantillas/tabla-productos.hbs"}
{"level":"warn","message":"GET"}
{"level":"warn","message":"/asf"}
{"level":"warn","message":"GET"}
{"level":"warn","message":"/favicon.ico"}
{"level":"warn","message":"GET"}
{"level":"warn","message":"/tabla-productos.hbs"}
{"level":"warn","message":"GET"}
{"level":"warn","message":"/asf"}
{"level":"warn","message":"GET"}
{"level":"warn","message":"/tabla-productos.hbs"}
{"level":"warn","message":"GET"}
{"level":"warn","message":"/asf"}
{"level":"warn","message":"GET"}
{"level":"warn","message":"/favicon.ico"}
{"level":"warn","message":"GET"}
{"level":"warn","message":"/favicon.ico"}
{"level":"warn","message":"GET"}
{"level":"warn","message":"/favicon.ico"}
{"level":"warn","message":"GET"}
{"level":"warn","message":"/tabla-productos.hbs"}
{"level":"warn","message":"GET"}
{"level":"warn","message":"/asf"}
{"level":"warn","message":"GET"}
{"level":"warn","message":"/favicon.ico"}
{"level":"warn","message":"GET"}
{"level":"warn","message":"/favicon.ico"}
{"level":"warn","message":"GET"}
{"level":"warn","message":"/views/tabla-productos.hbs"}
{"level":"warn","message":"GET"}
{"level":"warn","message":"/asf"}
{"level":"warn","message":"GET"}
{"level":"warn","message":"/favicon.ico"}
{"level":"warn","message":"GET"}
{"level":"warn","message":"/views/tabla-productos.hbs"}
{"level":"warn","message":"GET"}
{"level":"warn","message":"/asf"}
{"level":"warn","message":"GET"}
{"level":"warn","message":"/favicon.ico"}
{"level":"warn","message":"GET"}
{"level":"warn","message":"/src/views/tabla-productos.hbs"}
{"level":"warn","message":"GET"}
{"level":"warn","message":"/asf"}
{"level":"warn","message":"GET"}
{"level":"warn","message":"/favicon.ico"}
{"level":"warn","message":"GET"}
{"level":"warn","message":"/tabla-productos.hbs"}
{"level":"warn","message":"GET"}
{"level":"warn","message":"/asf"}
{"level":"warn","message":"GET"}
{"level":"warn","message":"/favicon.ico"}
{"level":"warn","message":"GET"}
{"level":"warn","message":"/views/tabla-productos.hbs"}
{"level":"warn","message":"GET"}
{"level":"warn","message":"/asf"}
{"level":"warn","message":"GET"}
{"level":"warn","message":"/favicon.ico"}
{"level":"warn","message":"GET"}
{"level":"warn","message":"/favicon.ico"}
{"level":"warn","message":"GET"}
{"level":"warn","message":"/views/tabla-productos.hbs"}
{"level":"warn","message":"GET"}
{"level":"warn","message":"/asf"}
{"level":"warn","message":"GET"}
{"level":"warn","message":"/favicon.ico"}
{"level":"warn","message":"GET"}
{"level":"warn","message":"/plantillas/tabla-productos.hbs"}
{"level":"warn","message":"GET"}
{"level":"warn","message":"/asf"}
{"level":"warn","message":"GET"}
{"level":"warn","message":"/favicon.ico"}
{"level":"warn","message":"GET"}
{"level":"warn","message":"/tabla-productos.hbs"}
{"level":"warn","message":"GET"}
{"level":"warn","message":"/asf"}
{"level":"warn","message":"GET"}
{"level":"warn","message":"/favicon.ico"}
{"level":"warn","message":"GET"}
{"level":"warn","message":"/asf"}
{"level":"warn","message":"GET"}
{"level":"warn","message":"/favicon.ico"}
{"level":"warn","message":"GET"}
{"level":"warn","message":"/asf"}
{"level":"warn","message":"GET"}
{"level":"warn","message":"/favicon.ico"}
{"level":"warn","message":"GET"}
{"level":"warn","message":"/favicon.ico"}
{"level":"warn","message":"GET"}
{"level":"warn","message":"/asf"}
{"level":"warn","message":"GET"}
{"level":"warn","message":"/favicon.ico"}
{"level":"warn","message":"GET"}
{"level":"warn","message":"/views/tabla-productos.hbs"}
{"level":"warn","message":"GET"}
{"level":"warn","message":"/asf"}
{"level":"warn","message":"GET"}
{"level":"warn","message":"/favicon.ico"}
{"level":"warn","message":"GET"}
{"level":"warn","message":"/asf"}
{"level":"warn","message":"GET"}
{"level":"warn","message":"/views/tabla-productos.hbs"}
{"level":"warn","message":"GET"}
{"level":"warn","message":"/favicon.ico"}
{"level":"warn","message":"GET"}
{"level":"warn","message":"/favicon.ico"}
{"level":"warn","message":"GET"}
{"level":"warn","message":"/asf"}
{"level":"warn","message":"GET"}
{"level":"warn","message":"/favicon.ico"}
{"level":"warn","message":"GET"}
{"level":"warn","message":"/asf"}
{"level":"warn","message":"GET"}
{"level":"warn","message":"/favicon.ico"}
{"level":"warn","message":"GET"}
{"level":"warn","message":"/favicon.ico"}
{"level":"warn","message":"GET"}
{"level":"warn","message":"/asf"}
{"level":"warn","message":"GET"}
{"level":"warn","message":"/favicon.ico"}
{"level":"warn","message":"GET"}
{"level":"warn","message":"/gdfjgklhdfjkghdf"}
{"level":"warn","message":"GET"}
{"level":"warn","message":"/favicon.ico"}
{"level":"warn","message":"GET"}
{"level":"warn","message":"/asf"}
{"level":"warn","message":"GET"}
{"level":"warn","message":"/favicon.ico"}
{"level":"warn","message":"GET"}
{"level":"warn","message":"/favicon.ico"}
{"level":"warn","message":"GET"}
{"level":"warn","message":"/asf"}
{"level":"warn","message":"GET"}
{"level":"warn","message":"/favicon.ico"}
{"level":"warn","message":"GET"}
{"level":"warn","message":"/asf"}
{"level":"warn","message":"GET"}
{"level":"warn","message":"/favicon.ico"}
{"level":"warn","message":"GET"}
{"level":"warn","message":"/favicon.ico"}
{"level":"warn","message":"GET"}
{"level":"warn","message":"/asf"}
{"level":"warn","message":"GET"}
{"level":"warn","message":"/favicon.ico"}
{"level":"warn","message":"GET"}
{"level":"warn","message":"/views/tabla-productos.hbs"}
{"level":"warn","message":"GET"}
{"level":"warn","message":"/asf"}
{"level":"warn","message":"GET"}
{"level":"warn","message":"/favicon.ico"}
{"level":"warn","message":"GET"}
{"level":"warn","message":"/tabla-productos.hbs"}
{"level":"warn","message":"GET"}
{"level":"warn","message":"/asf"}
{"level":"warn","message":"GET"}
{"level":"warn","message":"/tabla-productos.hbs"}
{"level":"warn","message":"GET"}
{"level":"warn","message":"/asf"}
{"level":"warn","message":"GET"}
{"level":"warn","message":"/favicon.ico"}
{"level":"warn","message":"GET"}
{"level":"warn","message":"/favicon.ico"}
{"level":"warn","message":"GET"}
{"level":"warn","message":"/src/views/tabla-productos.hbs"}
{"level":"warn","message":"GET"}
{"level":"warn","message":"/asf"}
{"level":"warn","message":"GET"}
{"level":"warn","message":"/src/views/tabla-productos.hbs"}
{"level":"warn","message":"GET"}
{"level":"warn","message":"/asf"}
{"level":"warn","message":"GET"}
{"level":"warn","message":"/src/views/tabla-productos.hbs"}
{"level":"warn","message":"GET"}
{"level":"warn","message":"/asf"}
{"level":"warn","message":"GET"}
{"level":"warn","message":"/favicon.ico"}
{"level":"warn","message":"GET"}
{"level":"warn","message":"/favicon.ico"}
{"level":"warn","message":"GET"}
{"level":"warn","message":"/src/views/tabla-productos.hbs"}
{"level":"warn","message":"GET"}
{"level":"warn","message":"/asf"}
{"level":"warn","message":"GET"}
{"level":"warn","message":"/favicon.ico"}
{"level":"warn","message":"GET"}
{"level":"warn","message":"/src/views/tabla-productos.hbs"}
{"level":"warn","message":"GET"}
{"level":"warn","message":"/asf"}
{"level":"warn","message":"GET"}
{"level":"warn","message":"/src/views/tabla-productos.hbs"}
{"level":"warn","message":"GET"}
{"level":"warn","message":"/asf"}
{"level":"warn","message":"GET"}
{"level":"warn","message":"/favicon.ico"}
{"level":"warn","message":"GET"}
{"level":"warn","message":"/src/views/tabla-productos.hbs"}
{"level":"warn","message":"GET"}
{"level":"warn","message":"/asf"}
{"level":"warn","message":"GET"}
{"level":"warn","message":"/favicon.ico"}
{"level":"warn","message":"GET"}
{"level":"warn","message":"/favicon.ico"}
{"level":"warn","message":"GET"}
{"level":"warn","message":"/favicon.ico"}
{"level":"warn","message":"GET"}
{"level":"warn","message":"/src/views/tabla-productos.hbs"}
{"level":"warn","message":"GET"}
{"level":"warn","message":"/favicon.ico"}
{"level":"warn","message":"GET"}
{"level":"warn","message":"/asf"}
{"level":"warn","message":"GET"}
{"level":"warn","message":"/favicon.ico"}
{"level":"warn","message":"GET"}
{"level":"warn","message":"/favicon.ico"}
{"level":"warn","message":"GET"}
{"level":"warn","message":"/favicon.ico"}
{"level":"warn","message":"GET"}
{"level":"warn","message":"/favicon.ico"}
{"level":"warn","message":"GET"}
{"level":"warn","message":"/favicon.ico"}
{"level":"warn","message":"GET"}
{"level":"warn","message":"/favicon.ico"}
{"level":"error"}
{"level":"error"}
{"level":"warn","message":"GET"}
{"level":"warn","message":"/favicon.ico"}
{"level":"warn","message":"GET"}
{"level":"warn","message":"/favicon.ico"}
{"level":"warn","message":"GET"}
{"level":"warn","message":"/favicon.ico"}
{"level":"warn","message":"GET"}
{"level":"warn","message":"/favicon.ico"}
{"level":"warn","message":"GET"}
{"level":"warn","message":"/favicon.ico"}
{"level":"error"}
{"level":"warn","message":"GET"}
{"level":"warn","message":"/src/views/tabla-productos.hbs"}
{"level":"warn","message":"GET"}
{"level":"warn","message":"/favicon.ico"}
{"level":"warn","message":"GET"}
{"level":"warn","message":"/favicon.ico"}
{"level":"warn","message":"GET"}
{"level":"warn","message":"/favicon.ico"}
{"level":"warn","message":"GET"}
{"level":"warn","message":"/favicon.ico"}
{"level":"warn","message":"GET"}
{"level":"warn","message":"/favicon.ico"}
{"level":"warn","message":"GET"}
{"level":"warn","message":"/favicon.ico"}
{"level":"warn","message":"GET"}
{"level":"warn","message":"/favicon.ico"}
{"level":"warn","message":"GET"}
{"level":"warn","message":"/favicon.ico"}
{"level":"warn","message":"GET"}
{"level":"warn","message":"/favicon.ico"}
{"level":"warn","message":"GET"}
{"level":"warn","message":"/favicon.ico"}
{"level":"warn","message":"GET"}
{"level":"warn","message":"/favicon.ico"}
{"level":"warn","message":"GET"}
{"level":"warn","message":"/favicon.ico"}
{"level":"warn","message":"GET"}
{"level":"warn","message":"/favicon.ico"}
{"level":"warn","message":"GET"}
{"level":"warn","message":"/favicon.ico"}
{"level":"warn","message":"GET"}
{"level":"warn","message":"/favicon.ico"}
{"level":"error"}
{"level":"warn","message":"GET"}
{"level":"warn","message":"/src/views/tabla-productos.hbs"}
{"level":"warn","message":"GET"}
{"level":"warn","message":"/favicon.ico"}
{"level":"error"}
{"level":"warn","message":"GET"}
{"level":"warn","message":"/favicon.ico"}
{"level":"warn","message":"GET"}
{"level":"warn","message":"/src/views/tabla-productos.hbs"}
{"level":"warn","message":"GET"}
{"level":"warn","message":"/favicon.ico"}
{"level":"error"}
{"level":"warn","message":"GET"}
{"level":"warn","message":"/favicon.ico"}
{"level":"warn","message":"GET"}
{"level":"warn","message":"/src/views/tabla-productos.hbs"}
{"level":"warn","message":"GET"}
{"level":"warn","message":"/favicon.ico"}
{"level":"warn","message":"GET"}
{"level":"warn","message":"/favicon.ico"}
{"level":"warn","message":"GET"}
{"level":"warn","message":"/favicon.ico"}
{"level":"warn","message":"GET"}
{"level":"warn","message":"/favicon.ico"}
